SF:lib/domain/post.dart
DA:5,4
DA:7,2
DA:8,1
DA:9,1
LF:4
LH:4
end_of_record
SF:lib/core/error.dart
DA:3,3
LF:1
LH:1
end_of_record
SF:lib/dummy/post_screen_dummy.dart
DA:6,1
DA:8,1
DA:10,1
DA:12,1
DA:13,2
DA:14,1
DA:15,2
DA:16,1
DA:17,4
DA:18,1
DA:19,2
DA:20,1
DA:21,2
DA:22,3
DA:25,1
DA:26,2
DA:27,1
LF:17
LH:17
end_of_record
SF:lib/presentation/post_provider.dart
DA:12,3
DA:14,2
DA:15,2
DA:16,2
DA:19,5
DA:21,6
DA:22,2
DA:24,2
DA:25,2
LF:9
LH:9
end_of_record
SF:lib/presentation/post_screen.dart
DA:6,1
DA:8,1
DA:9,1
DA:16,1
DA:18,1
DA:19,1
DA:20,3
DA:21,3
DA:22,2
DA:24,1
DA:28,1
DA:31,1
DA:32,2
DA:33,2
DA:34,2
DA:35,2
DA:36,5
DA:37,1
DA:38,3
DA:39,1
DA:40,3
DA:41,3
DA:44,1
DA:45,3
DA:46,1
LF:25
LH:25
end_of_record
